app/build1/intermediates/manifest_merge_blame_file/debug/manifest-merger-blame-debug-report.txt
1<?xml version="1.0" encoding="utf-8"?>
2<manifest xmlns:android="http://schemas.android.com/apk/res/android"
3    package="com.algebratech.pulse_wellness"
4    android:versionCode="148"
5    android:versionName="7.0.8" >
6
7    <uses-sdk
8        android:minSdkVersion="21"
8-->src/main/AndroidManifest.xml
9        android:targetSdkVersion="31" />
9-->src/main/AndroidManifest.xml
10
11    <uses-permission android:name="android.permission.BLUETOOTH" />
11-->src/main/AndroidManifest.xml:6:5-68
11-->src/main/AndroidManifest.xml:6:22-65
12    <uses-permission android:name="android.permission.BLUETOOTH_CONNECT" />
12-->src/main/AndroidManifest.xml:7:5-76
12-->src/main/AndroidManifest.xml:7:22-73
13    <uses-permission android:name="android.permission.BLUETOOTH_ADMIN" />
13-->src/main/AndroidManifest.xml:8:5-74
13-->src/main/AndroidManifest.xml:8:22-71
14    <uses-permission android:name="android.permission.BLUETOOTH_SCAN" />
14-->src/main/AndroidManifest.xml:9:5-73
14-->src/main/AndroidManifest.xml:9:22-70
15    <uses-permission android:name="android.permission.ACCESS_FINE_LOCATION" />
15-->src/main/AndroidManifest.xml:10:5-79
15-->src/main/AndroidManifest.xml:10:22-76
16    <uses-permission android:name="android.permission.ACCESS_COARSE_LOCATION" />
16-->src/main/AndroidManifest.xml:11:5-81
16-->src/main/AndroidManifest.xml:11:22-78
17    <uses-permission android:name="android.permission.INTERNET" />
17-->src/main/AndroidManifest.xml:12:5-67
17-->src/main/AndroidManifest.xml:12:22-64
18    <uses-permission android:name="android.permission.ACCESS_NETWORK_STATE" />
18-->src/main/AndroidManifest.xml:13:5-79
18-->src/main/AndroidManifest.xml:13:22-76
19    <uses-permission android:name="android.permission.FOREGROUND_SERVICE" />
19-->src/main/AndroidManifest.xml:14:5-77
19-->src/main/AndroidManifest.xml:14:22-74
20    <uses-permission android:name="android.permission.WRITE_EXTERNAL_STORAGE" />
20-->src/main/AndroidManifest.xml:15:5-17:40
20-->src/main/AndroidManifest.xml:16:9-65
21    <uses-permission android:name="android.permission.CAMERA" />
21-->src/main/AndroidManifest.xml:18:5-65
21-->src/main/AndroidManifest.xml:18:22-62
22    <uses-permission android:name="android.permission.READ_EXTERNAL_STORAGE" />
22-->src/main/AndroidManifest.xml:19:5-80
22-->src/main/AndroidManifest.xml:19:22-77
23    <uses-permission android:name="android.permission.READ_PHONE_STATE" />
23-->src/main/AndroidManifest.xml:20:5-75
23-->src/main/AndroidManifest.xml:20:22-72
24    <uses-permission android:name="android.permission.READ_CALL_LOG" />
24-->src/main/AndroidManifest.xml:21:5-72
24-->src/main/AndroidManifest.xml:21:22-69
25    <uses-permission android:name="android.permission.READ_CONTACTS" />
25-->src/main/AndroidManifest.xml:22:5-72
25-->src/main/AndroidManifest.xml:22:22-69
26    <uses-permission android:name="android.permission.RECEIVE_BOOT_COMPLETED" />
26-->src/main/AndroidManifest.xml:23:5-81
26-->src/main/AndroidManifest.xml:23:22-78
27    <uses-permission android:name="android.permission.RECORD_AUDIO" />
27-->src/main/AndroidManifest.xml:24:5-71
27-->src/main/AndroidManifest.xml:24:22-68
28    <uses-permission android:name="android.permission.FLASHLIGHT" />
28-->src/main/AndroidManifest.xml:25:5-69
28-->src/main/AndroidManifest.xml:25:22-66
29    <uses-permission android:name="com.google.android.c2dm.permission.RECEIVE" />
29-->src/main/AndroidManifest.xml:26:5-82
29-->src/main/AndroidManifest.xml:26:22-79
30
31    <uses-feature android:name="android.hardware.camera" />
31-->src/main/AndroidManifest.xml:28:5-60
31-->src/main/AndroidManifest.xml:28:19-57
32    <uses-feature android:name="android.hardware.camera.autofocus" />
32-->src/main/AndroidManifest.xml:29:5-70
32-->src/main/AndroidManifest.xml:29:19-67
33    <uses-feature
33-->src/main/AndroidManifest.xml:30:5-32:35
34        android:name="android.hardware.bluetooth_le"
34-->src/main/AndroidManifest.xml:31:9-53
35        android:required="true" />
35-->src/main/AndroidManifest.xml:32:9-32
36
37    <uses-permission android:name="android.permission.BLUETOOTH_PRIVILEGED" />
37-->[RealtekSDK-1.0.1-release.aar] AndroidManifest.xml:13:5-79
37-->[RealtekSDK-1.0.1-release.aar] AndroidManifest.xml:13:22-76
38    <uses-permission android:name="android.permission.VIBRATE" />
38-->[com.fxn769:pix:1.5.6] AndroidManifest.xml:13:5-66
38-->[com.fxn769:pix:1.5.6] AndroidManifest.xml:13:22-63
39    <uses-permission android:name="android.permission.ACCESS_MEDIA_LOCATION" /> <!-- See https://developer.android.com/training/package-visibility/declaring for more details. -->
39-->[com.fxn769:pix:1.5.6] AndroidManifest.xml:16:5-80
39-->[com.fxn769:pix:1.5.6] AndroidManifest.xml:16:22-77
40    <queries>
40-->[com.stripe:payments-core:20.16.1] AndroidManifest.xml:10:5-14:15
41
42        <!-- Added to check if Chrome is installed for browser-based payment authentication (e.g. 3DS1). -->
43        <package android:name="com.android.chrome" />
43-->[com.stripe:payments-core:20.16.1] AndroidManifest.xml:13:9-54
43-->[com.stripe:payments-core:20.16.1] AndroidManifest.xml:13:18-51
44    </queries> <!-- See https://developer.android.com/training/package-visibility/declaring for more details. -->
45    <queries>
45-->[com.stripe:payments-core:20.16.1] AndroidManifest.xml:10:5-14:15
46
47        <!-- Added to check the default browser that will host the AuthFlow. -->
48        <intent>
49            <action android:name="android.intent.action.VIEW" />
49-->[com.stripe:payments-core:20.16.1] AndroidManifest.xml:54:17-69
49-->[com.stripe:payments-core:20.16.1] AndroidManifest.xml:54:25-66
50
51            <data android:scheme="http" />
51-->[com.stripe:payments-core:20.16.1] AndroidManifest.xml:60:17-63:50
51-->[com.stripe:payments-core:20.16.1] AndroidManifest.xml:63:21-47
52        </intent>
53    </queries>
54
55    <uses-permission android:name="android.permission.POST_NOTIFICATIONS" />
55-->[com.google.firebase:firebase-messaging:23.0.6] AndroidManifest.xml:26:5-77
55-->[com.google.firebase:firebase-messaging:23.0.6] AndroidManifest.xml:26:22-74
56    <uses-permission android:name="android.permission.WAKE_LOCK" />
56-->[com.google.firebase:firebase-messaging:23.0.6] AndroidManifest.xml:27:5-68
56-->[com.google.firebase:firebase-messaging:23.0.6] AndroidManifest.xml:27:22-65
57
58    <uses-feature
58-->[com.otaliastudios:cameraview:2.7.0] AndroidManifest.xml:27:5-29:36
59        android:name="android.hardware.camera.front"
59-->[com.otaliastudios:cameraview:2.7.0] AndroidManifest.xml:28:9-53
60        android:required="false" />
60-->[com.otaliastudios:cameraview:2.7.0] AndroidManifest.xml:29:9-33
61    <uses-feature
61-->[com.otaliastudios:cameraview:2.7.0] AndroidManifest.xml:30:5-32:36
62        android:name="android.hardware.microphone"
62-->[com.otaliastudios:cameraview:2.7.0] AndroidManifest.xml:31:9-51
63        android:required="false" />
63-->[com.otaliastudios:cameraview:2.7.0] AndroidManifest.xml:32:9-33
64
65    <uses-permission android:name="com.google.android.gms.permission.AD_ID" />
65-->[com.google.android.gms:play-services-measurement-api:21.1.0] AndroidManifest.xml:25:5-79
65-->[com.google.android.gms:play-services-measurement-api:21.1.0] AndroidManifest.xml:25:22-76
66
67    <uses-feature
67-->[com.google.android.gms:play-services-maps:18.0.2] AndroidManifest.xml:26:5-28:35
68        android:glEsVersion="0x00020000"
68-->[com.google.android.gms:play-services-maps:18.0.2] AndroidManifest.xml:27:9-41
69        android:required="true" />
69-->[com.google.android.gms:play-services-maps:18.0.2] AndroidManifest.xml:28:9-32
70
71    <queries>
71-->[com.stripe:payments-core:20.16.1] AndroidManifest.xml:10:5-14:15
72
73        <!-- Needs to be explicitly declared on Android R+ -->
74        <package android:name="com.google.android.apps.maps" />
75    </queries>
76
77    <uses-permission android:name="com.google.android.finsky.permission.BIND_GET_INSTALL_REFERRER_SERVICE" />
77-->[com.google.android.gms:play-services-measurement:21.1.0] AndroidManifest.xml:26:5-110
77-->[com.google.android.gms:play-services-measurement:21.1.0] AndroidManifest.xml:26:22-107
78
79    <permission
79-->[androidx.core:core:1.9.0] AndroidManifest.xml:22:5-24:47
80        android:name="com.algebratech.pulse_wellness.DYNAMIC_RECEIVER_NOT_EXPORTED_PERMISSION"
80-->[androidx.core:core:1.9.0] AndroidManifest.xml:23:9-81
81        android:protectionLevel="signature" />
81-->[androidx.core:core:1.9.0] AndroidManifest.xml:24:9-44
82
83    <uses-permission android:name="com.algebratech.pulse_wellness.DYNAMIC_RECEIVER_NOT_EXPORTED_PERMISSION" />
83-->[androidx.core:core:1.9.0] AndroidManifest.xml:26:5-97
83-->[androidx.core:core:1.9.0] AndroidManifest.xml:26:22-94
84
85    <application
85-->src/main/AndroidManifest.xml:34:5-463:19
86        android:name="com.algebratech.pulse_wellness.App"
86-->src/main/AndroidManifest.xml:35:9-28
87        android:allowBackup="true"
87-->src/main/AndroidManifest.xml:36:9-35
88        android:appComponentFactory="androidx.core.app.CoreComponentFactory"
88-->[androidx.core:core:1.9.0] AndroidManifest.xml:28:18-86
89        android:debuggable="true"
90        android:icon="@mipmap/ic_launcher"
90-->src/main/AndroidManifest.xml:37:9-43
91        android:label="@string/app_name"
91-->src/main/AndroidManifest.xml:38:9-41
92        android:largeHeap="true"
92-->src/main/AndroidManifest.xml:39:9-33
93        android:requestLegacyExternalStorage="true"
93-->src/main/AndroidManifest.xml:40:9-52
94        android:roundIcon="@mipmap/ic_launcher_round"
94-->src/main/AndroidManifest.xml:41:9-54
95        android:supportsRtl="true"
95-->src/main/AndroidManifest.xml:42:9-35
96        android:testOnly="true"
97        android:theme="@style/AppTheme.NoActionBar"
97-->src/main/AndroidManifest.xml:43:9-52
98        android:usesCleartextTraffic="true" >
98-->src/main/AndroidManifest.xml:44:9-44
99
100        <!-- <service -->
101        <!-- android:name=".services.DeviceSyncService" -->
102        <!-- android:enabled="true" -->
103        <!-- android:exported="true"></service> -->
104
105        <service
105-->src/main/AndroidManifest.xml:52:9-58:19
106            android:name="com.algebratech.pulse_wellness.services.SyncWearableService"
106-->src/main/AndroidManifest.xml:52:18-62
107            android:exported="true" >
107-->src/main/AndroidManifest.xml:53:13-36
108            <intent-filter>
108-->src/main/AndroidManifest.xml:54:13-57:29
109                <action android:name="android.bluetooth.adapter.action.STATE_CHANGED" />
109-->src/main/AndroidManifest.xml:55:17-89
109-->src/main/AndroidManifest.xml:55:25-86
110                <action android:name="android.bluetooth.adapter.action.DISCOVERY_STARTED" />
110-->src/main/AndroidManifest.xml:56:17-93
110-->src/main/AndroidManifest.xml:56:25-90
111            </intent-filter>
112        </service>
113
114        <activity
114-->src/main/AndroidManifest.xml:60:9-66:20
115            android:name="com.algebratech.pulse_wellness.dashboardReports.HeartRateActivity"
115-->src/main/AndroidManifest.xml:61:13-63
116            android:exported="false" >
116-->src/main/AndroidManifest.xml:62:13-37
117            <meta-data
117-->src/main/AndroidManifest.xml:63:13-65:36
118                android:name="android.app.lib_name"
118-->src/main/AndroidManifest.xml:64:17-52
119                android:value="" />
119-->src/main/AndroidManifest.xml:65:17-33
120        </activity>
121        <activity
121-->src/main/AndroidManifest.xml:67:9-73:20
122            android:name="com.algebratech.pulse_wellness.dashboardReports.SleepActivity"
122-->src/main/AndroidManifest.xml:68:13-59
123            android:exported="false" >
123-->src/main/AndroidManifest.xml:69:13-37
124            <meta-data
124-->src/main/AndroidManifest.xml:63:13-65:36
125                android:name="android.app.lib_name"
125-->src/main/AndroidManifest.xml:64:17-52
126                android:value="" />
126-->src/main/AndroidManifest.xml:65:17-33
127        </activity>
128        <activity
128-->src/main/AndroidManifest.xml:74:9-80:20
129            android:name="com.algebratech.pulse_wellness.dashboardReports.StepsActivity"
129-->src/main/AndroidManifest.xml:75:13-59
130            android:exported="false" >
130-->src/main/AndroidManifest.xml:76:13-37
131            <meta-data
131-->src/main/AndroidManifest.xml:63:13-65:36
132                android:name="android.app.lib_name"
132-->src/main/AndroidManifest.xml:64:17-52
133                android:value="" />
133-->src/main/AndroidManifest.xml:65:17-33
134        </activity>
135        <activity
135-->src/main/AndroidManifest.xml:81:9-87:20
136            android:name="com.algebratech.pulse_wellness.activities.WearableLogin"
136-->src/main/AndroidManifest.xml:82:13-53
137            android:exported="false" >
137-->src/main/AndroidManifest.xml:83:13-37
138            <meta-data
138-->src/main/AndroidManifest.xml:63:13-65:36
139                android:name="android.app.lib_name"
139-->src/main/AndroidManifest.xml:64:17-52
140                android:value="" />
140-->src/main/AndroidManifest.xml:65:17-33
141        </activity>
142        <activity
142-->src/main/AndroidManifest.xml:88:9-94:20
143            android:name="com.algebratech.pulse_wellness.activities.SyncDataActivity"
143-->src/main/AndroidManifest.xml:89:13-56
144            android:exported="false" >
144-->src/main/AndroidManifest.xml:90:13-37
145            <meta-data
145-->src/main/AndroidManifest.xml:63:13-65:36
146                android:name="android.app.lib_name"
146-->src/main/AndroidManifest.xml:64:17-52
147                android:value="" />
147-->src/main/AndroidManifest.xml:65:17-33
148        </activity>
149        <activity android:name="com.algebratech.pulse_wellness.FunctionsActivity" />
149-->src/main/AndroidManifest.xml:95:9-55
149-->src/main/AndroidManifest.xml:95:19-52
150        <activity
150-->src/main/AndroidManifest.xml:96:9-102:20
151            android:name="com.algebratech.pulse_wellness.activities.DailyWalkReport"
151-->src/main/AndroidManifest.xml:97:13-55
152            android:exported="false" >
152-->src/main/AndroidManifest.xml:98:13-37
153            <meta-data
153-->src/main/AndroidManifest.xml:63:13-65:36
154                android:name="android.app.lib_name"
154-->src/main/AndroidManifest.xml:64:17-52
155                android:value="" />
155-->src/main/AndroidManifest.xml:65:17-33
156        </activity>
157        <activity
157-->src/main/AndroidManifest.xml:103:9-105:39
158            android:name="com.algebratech.pulse_wellness.activities.WeightMonitoring"
158-->src/main/AndroidManifest.xml:104:13-56
159            android:exported="true" />
159-->src/main/AndroidManifest.xml:105:13-36
160        <activity
160-->src/main/AndroidManifest.xml:106:9-108:39
161            android:name="com.algebratech.pulse_wellness.activities.WatchActivities"
161-->src/main/AndroidManifest.xml:107:13-55
162            android:exported="true" />
162-->src/main/AndroidManifest.xml:108:13-36
163        <activity
163-->src/main/AndroidManifest.xml:109:9-111:39
164            android:name="com.algebratech.pulse_wellness.activities.DetailActivitySummary"
164-->src/main/AndroidManifest.xml:110:13-61
165            android:exported="true" />
165-->src/main/AndroidManifest.xml:111:13-36
166        <activity
166-->src/main/AndroidManifest.xml:112:9-114:39
167            android:name="com.algebratech.pulse_wellness.activities.RowingMachineActivity"
167-->src/main/AndroidManifest.xml:113:13-61
168            android:exported="true" />
168-->src/main/AndroidManifest.xml:114:13-36
169        <activity
169-->src/main/AndroidManifest.xml:115:9-117:39
170            android:name="com.algebratech.pulse_wellness.activities.StationaryBikeActivity"
170-->src/main/AndroidManifest.xml:116:13-62
171            android:exported="true" />
171-->src/main/AndroidManifest.xml:117:13-36
172        <activity
172-->src/main/AndroidManifest.xml:118:9-120:39
173            android:name="com.algebratech.pulse_wellness.activities.StairStepperActivity"
173-->src/main/AndroidManifest.xml:119:13-60
174            android:exported="true" />
174-->src/main/AndroidManifest.xml:120:13-36
175        <activity
175-->src/main/AndroidManifest.xml:121:9-123:39
176            android:name="com.algebratech.pulse_wellness.activities.IndoorWalkActivity"
176-->src/main/AndroidManifest.xml:122:13-58
177            android:exported="true" />
177-->src/main/AndroidManifest.xml:123:13-36
178        <activity
178-->src/main/AndroidManifest.xml:124:9-126:39
179            android:name="com.algebratech.pulse_wellness.activities.IndoorRunActivity"
179-->src/main/AndroidManifest.xml:125:13-57
180            android:exported="true" />
180-->src/main/AndroidManifest.xml:126:13-36
181        <activity
181-->src/main/AndroidManifest.xml:127:9-129:39
182            android:name="com.algebratech.pulse_wellness.activities.HikingActivity"
182-->src/main/AndroidManifest.xml:128:13-54
183            android:exported="true" />
183-->src/main/AndroidManifest.xml:129:13-36
184        <activity
184-->src/main/AndroidManifest.xml:130:9-132:39
185            android:name="com.algebratech.pulse_wellness.fragments.ShowDataFragment"
185-->src/main/AndroidManifest.xml:131:13-55
186            android:exported="true" />
186-->src/main/AndroidManifest.xml:132:13-36
187        <activity
187-->src/main/AndroidManifest.xml:133:9-135:39
188            android:name="com.algebratech.pulse_wellness.gridDemo"
188-->src/main/AndroidManifest.xml:134:13-37
189            android:exported="true" />
189-->src/main/AndroidManifest.xml:135:13-36
190        <activity
190-->src/main/AndroidManifest.xml:136:9-138:39
191            android:name="com.algebratech.pulse_wellness.MySubscriptionplan"
191-->src/main/AndroidManifest.xml:137:13-47
192            android:exported="true" />
192-->src/main/AndroidManifest.xml:138:13-36
193        <activity
193-->src/main/AndroidManifest.xml:139:9-141:39
194            android:name="com.algebratech.pulse_wellness.activities.AddUserGoals"
194-->src/main/AndroidManifest.xml:140:13-52
195            android:exported="true" /> <!-- <activity -->
195-->src/main/AndroidManifest.xml:141:13-36
196        <!-- android:name=".fragments.LeaderboardFragment" -->
197        <!-- android:exported="true" /> -->
198        <!-- <activity -->
199        <!-- android:name=".FragmentTabLeaderboardFriendlist" -->
200        <!-- android:exported="true" /> -->
201        <!-- <activity -->
202        <!-- android:name=".activities.SettingFragment" -->
203        <!-- android:exported="true" /> -->
204        <!-- <activity -->
205        <!-- android:name=".fragment_tab_newsfeed_dashboard" -->
206        <!-- android:exported="true" /> -->
207        <activity
207-->src/main/AndroidManifest.xml:153:9-155:39
208            android:name="com.algebratech.pulse_wellness.activities.AddCardActivity"
208-->src/main/AndroidManifest.xml:154:13-55
209            android:exported="true" />
209-->src/main/AndroidManifest.xml:155:13-36
210        <activity
210-->src/main/AndroidManifest.xml:156:9-158:39
211            android:name="com.algebratech.pulse_wellness.activities.generatingWellnessPlan"
211-->src/main/AndroidManifest.xml:157:13-62
212            android:exported="true" />
212-->src/main/AndroidManifest.xml:158:13-36
213        <activity
213-->src/main/AndroidManifest.xml:159:9-161:39
214            android:name="com.algebratech.pulse_wellness.AddFriendScreen"
214-->src/main/AndroidManifest.xml:160:13-44
215            android:exported="true" />
215-->src/main/AndroidManifest.xml:161:13-36
216        <activity
216-->src/main/AndroidManifest.xml:162:9-164:39
217            android:name="com.algebratech.pulse_wellness.activities.FriendProfileActivity"
217-->src/main/AndroidManifest.xml:163:13-61
218            android:exported="true" />
218-->src/main/AndroidManifest.xml:164:13-36
219        <activity
219-->src/main/AndroidManifest.xml:165:9-167:39
220            android:name="com.algebratech.pulse_wellness.DetailActivityScreen"
220-->src/main/AndroidManifest.xml:166:13-49
221            android:exported="true" />
221-->src/main/AndroidManifest.xml:167:13-36
222        <activity
222-->src/main/AndroidManifest.xml:168:9-170:39
223            android:name="com.algebratech.pulse_wellness.fragments.ProfileActivity"
223-->src/main/AndroidManifest.xml:169:13-54
224            android:exported="true" />
224-->src/main/AndroidManifest.xml:170:13-36
225        <activity
225-->src/main/AndroidManifest.xml:171:9-173:39
226            android:name="com.algebratech.pulse_wellness.activities.AllTransaction"
226-->src/main/AndroidManifest.xml:172:13-54
227            android:exported="true" />
227-->src/main/AndroidManifest.xml:173:13-36
228        <activity
228-->src/main/AndroidManifest.xml:174:9-176:39
229            android:name="com.algebratech.pulse_wellness.activities.MyWellnesPlanScreen"
229-->src/main/AndroidManifest.xml:175:13-59
230            android:exported="true" />
230-->src/main/AndroidManifest.xml:176:13-36
231        <activity
231-->src/main/AndroidManifest.xml:177:9-179:39
232            android:name="com.algebratech.pulse_wellness.activities.NotificationActivity"
232-->src/main/AndroidManifest.xml:178:13-60
233            android:exported="true" />
233-->src/main/AndroidManifest.xml:179:13-36
234        <activity
234-->src/main/AndroidManifest.xml:180:9-182:39
235            android:name="com.algebratech.pulse_wellness.activities.ProfileCreatedView"
235-->src/main/AndroidManifest.xml:181:13-58
236            android:exported="true" />
236-->src/main/AndroidManifest.xml:182:13-36
237
238        <service
238-->src/main/AndroidManifest.xml:184:9-192:19
239            android:name="com.algebratech.pulse_wellness.services.MyFirebaseMessagingService"
239-->src/main/AndroidManifest.xml:185:13-64
240            android:exported="true" >
240-->src/main/AndroidManifest.xml:186:13-36
241            <intent-filter>
241-->src/main/AndroidManifest.xml:187:13-191:29
242                <action android:name="com.google.firebase.MESSAGING_EVENT" />
242-->src/main/AndroidManifest.xml:188:17-78
242-->src/main/AndroidManifest.xml:188:25-75
243                <!-- <action android:name="com.google.android.c2dm.intent.RECEIVE" /> -->
244                <!-- <action android:name="com.google.firebase.INSTANCE_ID_EVENT"/> -->
245            </intent-filter>
246        </service> <!-- <service -->
247        <!-- android:name=".services.MyFirebaseInstanceIDService" -->
248        <!-- android:exported="true"> -->
249        <!-- <intent-filter> -->
250        <!-- <action android:name="com.google.firebase.INSTANCE_ID_EVENT" /> -->
251        <!-- </intent-filter> -->
252        <!-- </service> -->
253        <activity
253-->src/main/AndroidManifest.xml:199:9-201:39
254            android:name="com.algebratech.pulse_wellness.activities.MyNewsFeedActivity"
254-->src/main/AndroidManifest.xml:200:13-58
255            android:exported="true" />
255-->src/main/AndroidManifest.xml:201:13-36
256        <activity
256-->src/main/AndroidManifest.xml:202:9-204:39
257            android:name="com.algebratech.pulse_wellness.activities.SelectDisease"
257-->src/main/AndroidManifest.xml:203:13-53
258            android:exported="true" />
258-->src/main/AndroidManifest.xml:204:13-36
259        <activity
259-->src/main/AndroidManifest.xml:205:9-207:39
260            android:name="com.algebratech.pulse_wellness.Comment_activity"
260-->src/main/AndroidManifest.xml:206:13-45
261            android:exported="true" />
261-->src/main/AndroidManifest.xml:207:13-36
262        <activity
262-->src/main/AndroidManifest.xml:208:9-210:39
263            android:name="com.algebratech.pulse_wellness.activities.NewsLikeActivity"
263-->src/main/AndroidManifest.xml:209:13-56
264            android:exported="true" />
264-->src/main/AndroidManifest.xml:210:13-36
265        <activity
265-->src/main/AndroidManifest.xml:211:9-213:39
266            android:name="com.algebratech.pulse_wellness.activities.SubscriptionPlansListingScreen"
266-->src/main/AndroidManifest.xml:212:13-70
267            android:exported="true" />
267-->src/main/AndroidManifest.xml:213:13-36
268        <activity
268-->src/main/AndroidManifest.xml:214:9-224:20
269            android:name="com.algebratech.pulse_wellness.activities.SplashActivity"
269-->src/main/AndroidManifest.xml:215:13-54
270            android:exported="true"
270-->src/main/AndroidManifest.xml:216:13-36
271            android:screenOrientation="portrait"
271-->src/main/AndroidManifest.xml:217:13-49
272            android:theme="@style/AppTheme.NoActionBar" >
272-->src/main/AndroidManifest.xml:218:13-56
273            <intent-filter>
273-->src/main/AndroidManifest.xml:219:13-223:29
274                <action android:name="android.intent.action.MAIN" />
274-->src/main/AndroidManifest.xml:220:17-69
274-->src/main/AndroidManifest.xml:220:25-66
275
276                <category android:name="android.intent.category.LAUNCHER" />
276-->src/main/AndroidManifest.xml:222:17-77
276-->src/main/AndroidManifest.xml:222:27-74
277            </intent-filter>
278        </activity>
279        <activity
279-->src/main/AndroidManifest.xml:225:9-229:51
280            android:name="com.algebratech.pulse_wellness.activities.LoginActivity"
280-->src/main/AndroidManifest.xml:226:13-53
281            android:exported="true"
281-->src/main/AndroidManifest.xml:227:13-36
282            android:screenOrientation="portrait"
282-->src/main/AndroidManifest.xml:228:13-49
283            android:theme="@style/AppThemeMain" />
283-->src/main/AndroidManifest.xml:229:13-48
284        <activity
284-->src/main/AndroidManifest.xml:230:9-233:52
285            android:name="com.algebratech.pulse_wellness.activities.ForgetPasswordSelectionActivity"
285-->src/main/AndroidManifest.xml:231:13-71
286            android:exported="true"
286-->src/main/AndroidManifest.xml:232:13-36
287            android:screenOrientation="portrait" />
287-->src/main/AndroidManifest.xml:233:13-49
288        <activity
288-->src/main/AndroidManifest.xml:234:9-238:51
289            android:name="com.algebratech.pulse_wellness.activities.ForgetPasswordActivity"
289-->src/main/AndroidManifest.xml:235:13-62
290            android:exported="true"
290-->src/main/AndroidManifest.xml:236:13-36
291            android:screenOrientation="portrait"
291-->src/main/AndroidManifest.xml:237:13-49
292            android:theme="@style/AppThemeMain" />
292-->src/main/AndroidManifest.xml:238:13-48
293        <activity
293-->src/main/AndroidManifest.xml:239:9-243:51
294            android:name="com.algebratech.pulse_wellness.activities.ForgetPasswordEmailActivity"
294-->src/main/AndroidManifest.xml:240:13-67
295            android:exported="true"
295-->src/main/AndroidManifest.xml:241:13-36
296            android:screenOrientation="portrait"
296-->src/main/AndroidManifest.xml:242:13-49
297            android:theme="@style/AppThemeMain" />
297-->src/main/AndroidManifest.xml:243:13-48
298        <activity
298-->src/main/AndroidManifest.xml:244:9-248:51
299            android:name="com.algebratech.pulse_wellness.activities.VerityOtpActivity"
299-->src/main/AndroidManifest.xml:245:13-57
300            android:exported="true"
300-->src/main/AndroidManifest.xml:246:13-36
301            android:screenOrientation="portrait"
301-->src/main/AndroidManifest.xml:247:13-49
302            android:theme="@style/AppThemeMain" />
302-->src/main/AndroidManifest.xml:248:13-48
303        <activity
303-->src/main/AndroidManifest.xml:249:9-253:51
304            android:name="com.algebratech.pulse_wellness.activities.ChangePasswordDoneActivity"
304-->src/main/AndroidManifest.xml:250:13-66
305            android:exported="true"
305-->src/main/AndroidManifest.xml:251:13-36
306            android:screenOrientation="portrait"
306-->src/main/AndroidManifest.xml:252:13-49
307            android:theme="@style/AppThemeMain" />
307-->src/main/AndroidManifest.xml:253:13-48
308        <activity
308-->src/main/AndroidManifest.xml:254:9-257:51
309            android:name="com.algebratech.pulse_wellness.activities.NewPassword"
309-->src/main/AndroidManifest.xml:255:13-51
310            android:exported="true"
310-->src/main/AndroidManifest.xml:256:13-36
311            android:theme="@style/AppThemeMain" />
311-->src/main/AndroidManifest.xml:257:13-48
312        <activity
312-->src/main/AndroidManifest.xml:258:9-262:51
313            android:name="com.algebratech.pulse_wellness.activities.RegisterActivity"
313-->src/main/AndroidManifest.xml:259:13-56
314            android:exported="true"
314-->src/main/AndroidManifest.xml:260:13-36
315            android:screenOrientation="portrait"
315-->src/main/AndroidManifest.xml:261:13-49
316            android:theme="@style/AppThemeMain" />
316-->src/main/AndroidManifest.xml:262:13-48
317        <activity
317-->src/main/AndroidManifest.xml:263:9-268:47
318            android:name="com.algebratech.pulse_wellness.activities.CreateProfileActivity"
318-->src/main/AndroidManifest.xml:264:13-61
319            android:exported="true"
319-->src/main/AndroidManifest.xml:265:13-36
320            android:label="Edit Profile"
320-->src/main/AndroidManifest.xml:266:13-41
321            android:screenOrientation="portrait"
321-->src/main/AndroidManifest.xml:267:13-49
322            android:theme="@style/AppTheme" />
322-->src/main/AndroidManifest.xml:268:13-44
323        <activity
323-->src/main/AndroidManifest.xml:269:9-273:51
324            android:name="com.algebratech.pulse_wellness.activities.CreateProfileOneActivity"
324-->src/main/AndroidManifest.xml:270:13-64
325            android:exported="true"
325-->src/main/AndroidManifest.xml:271:13-36
326            android:screenOrientation="portrait"
326-->src/main/AndroidManifest.xml:272:13-49
327            android:theme="@style/AppThemeMain" />
327-->src/main/AndroidManifest.xml:273:13-48
328        <activity